{
  "RSpec": {
    "coverage": {
      "/home/patient-refactoring-3589/tic-tac-toe-rb-online-web-sp-000/lib/tic_tac_toe.rb": [
        1,
        0,
        null,
        null,
        null,
        null,
        null,
        1,
        null,
        null,
        null,
        null,
        null,
        null,
        null,
        null,
        null,
        null,
        1,
        54,
        326,
        326,
        326,
        326,
        null,
        null,
        null,
        1,
        20,
        20,
        20,
        20,
        20,
        null,
        null,
        1,
        19,
        null,
        null,
        1,
        19,
        19,
        16,
        null,
        null,
        null,
        19,
        null,
        null,
        null,
        1,
        21,
        21,
        18,
        null,
        3,
        null,
        21,
        null,
        null,
        1,
        18,
        null,
        null,
        1,
        16,
        16,
        16,
        16,
        15,
        15,
        null,
        1,
        null,
        null,
        null,
        1,
        96,
        null,
        null,
        1,
        13,
        5,
        8,
        3,
        null,
        null,
        null,
        1,
        17,
        10,
        null,
        7,
        null,
        null,
        null,
        1,
        2,
        2,
        2,
        18,
        5,
        5,
        5,
        null,
        13,
        13,
        null,
        null,
        2,
        null,
        null,
        1,
        1,
        1,
        1,
        null,
        0,
        null,
        null,
        null,
        1,
        8,
        7,
        null,
        null,
        null,
        1,
        null,
        12,
        13,
        null,
        null,
        12,
        6,
        null,
        6,
        null,
        null
      ]
    },
    "timestamp": 1583012210
  }
}
