{
  "RSpec": {
    "coverage": {
      "/home/patient-refactoring-3589/tic-tac-toe-rb-online-web-sp-000/lib/tic_tac_toe.rb": [
        1,
        0,
        null,
        null,
        null,
        null,
        null,
        1,
        null,
        null,
        null,
        null,
        null,
        null,
        null,
        null,
        null,
        null,
        1,
        47,
        344,
        344,
        344,
        344,
        null,
        null,
        null,
        1,
        12,
        12,
        12,
        12,
        12,
        null,
        null,
        1,
        35730,
        null,
        null,
        1,
        35730,
        35730,
        8,
        null,
        null,
        null,
        35730,
        null,
        null,
        null,
        1,
        35732,
        35732,
        10,
        null,
        35722,
        null,
        35732,
        null,
        null,
        1,
        10,
        null,
        null,
        1,
        35735,
        35730,
        35727,
        35727,
        7,
        7,
        null,
        35720,
        null,
        null,
        null,
        1,
        150,
        null,
        null,
        1,
        16,
        3,
        13,
        3,
        null,
        null,
        null,
        1,
        14,
        3,
        null,
        11,
        null,
        null,
        null,
        1,
        2,
        2,
        2,
        18,
        5,
        5,
        5,
        null,
        13,
        13,
        null,
        null,
        2,
        null,
        null,
        1,
        1,
        1,
        1,
        null,
        0,
        null,
        null,
        null,
        1,
        4,
        3,
        null,
        null,
        null,
        1,
        12,
        12,
        15,
        null,
        null,
        2,
        1,
        null,
        1,
        null,
        null
      ]
    },
    "timestamp": 1583012002
  }
}
